<?xml version="1.0" encoding="utf-8"?><testsuites name="pytest tests"><testsuite name="pytest" errors="0" failures="0" skipped="0" tests="29" time="11.573" timestamp="2026-04-16T16:22:56.828526+00:00" hostname="agent-env-bcc66162-604e-41b3-8984-d97a796c8ec5"><testcase classname="backend.tests.test_evo_node_backend.TestHealthEndpoints" name="test_api_root" time="0.439" /><testcase classname="backend.tests.test_evo_node_backend.TestHealthEndpoints" name="test_health_endpoint" time="0.243" /><testcase classname="backend.tests.test_evo_node_backend.TestAuthEndpoints" name="test_login_success" time="0.897" /><testcase classname="backend.tests.test_evo_node_backend.TestAuthEndpoints" name="test_login_invalid_credentials" time="0.375" /><testcase classname="backend.tests.test_evo_node_backend.TestAuthEndpoints" name="test_login_invalid_email_format" time="0.169" /><testcase classname="backend.tests.test_evo_node_backend.TestAuthEndpoints" name="test_get_current_user" time="1.072" /><testcase classname="backend.tests.test_evo_node_backend.TestAuthEndpoints" name="test_get_user_without_token" time="0.193" /><testcase classname="backend.tests.test_evo_node_backend.TestAuthEndpoints" name="test_register_new_user" time="0.333" /><testcase classname="backend.tests.test_evo_node_backend.TestAuthEndpoints" name="test_register_duplicate_email" time="0.253" /><testcase classname="backend.tests.test_evo_node_backend.TestPricingEndpoints" name="test_get_pricing" time="0.198" /><testcase classname="backend.tests.test_evo_node_backend.TestBookingEndpoints" name="test_seed_bookings" time="0.180" /><testcase classname="backend.tests.test_evo_node_backend.TestBookingEndpoints" name="test_get_availability" time="0.197" /><testcase classname="backend.tests.test_evo_node_backend.TestBookingEndpoints" name="test_check_availability_valid_date" time="0.180" /><testcase classname="backend.tests.test_evo_node_backend.TestBookingEndpoints" name="test_check_availability_past_date" time="0.188" /><testcase classname="backend.tests.test_evo_node_backend.TestBookingEndpoints" name="test_check_availability_too_far_future" time="0.167" /><testcase classname="backend.tests.test_evo_node_backend.TestBookingEndpoints" name="test_check_price_member" time="0.873" /><testcase classname="backend.tests.test_evo_node_backend.TestBookingEndpoints" name="test_check_prices_both" time="0.148" /><testcase classname="backend.tests.test_evo_node_backend.TestBookingEndpoints" name="test_create_member_booking" time="0.799" /><testcase classname="backend.tests.test_evo_node_backend.TestBookingEndpoints" name="test_create_external_booking" time="0.196" /><testcase classname="backend.tests.test_evo_node_backend.TestBookingEndpoints" name="test_create_external_booking_missing_fields" time="0.216" /><testcase classname="backend.tests.test_evo_node_backend.TestBookingEndpoints" name="test_get_my_bookings" time="0.814" /><testcase classname="backend.tests.test_evo_node_backend.TestBookingEndpoints" name="test_get_my_bookings_unauthorized" time="0.183" /><testcase classname="backend.tests.test_evo_node_backend.TestContentEndpoints" name="test_get_events" time="0.194" /><testcase classname="backend.tests.test_evo_node_backend.TestContentEndpoints" name="test_get_board_members" time="0.668" /><testcase classname="backend.tests.test_evo_node_backend.TestContentEndpoints" name="test_get_blog_posts" time="0.230" /><testcase classname="backend.tests.test_evo_node_backend.TestContactEndpoints" name="test_contact_form" time="0.256" /><testcase classname="backend.tests.test_evo_node_backend.TestContactEndpoints" name="test_contact_form_invalid" time="0.233" /><testcase classname="backend.tests.test_evo_node_backend.TestContactEndpoints" name="test_newsletter_subscription" time="0.266" /><testcase classname="backend.tests.test_evo_node_backend.TestContactEndpoints" name="test_newsletter_invalid_email" time="0.315" /></testsuite></testsuites>